\BOOKMARK [0][-]{chapter.1}{序論}{}% 1
\BOOKMARK [1][-]{section.1.1}{研究背景}{chapter.1}% 2
\BOOKMARK [1][-]{section.1.2}{既存研究}{chapter.1}% 3
\BOOKMARK [1][-]{section.1.3}{研究目的}{chapter.1}% 4
\BOOKMARK [1][-]{section.1.4}{本論文の構成}{chapter.1}% 5
\BOOKMARK [0][-]{chapter.2}{配管6D姿勢推定}{}% 6
\BOOKMARK [1][-]{section.2.1}{検出クラス}{chapter.2}% 7
\BOOKMARK [1][-]{section.2.2}{RGB画像に基づく配管6D姿勢推定}{chapter.2}% 8
\BOOKMARK [2][-]{subsection.2.2.1}{全体構成}{section.2.2}% 9
\BOOKMARK [2][-]{subsection.2.2.2}{物体検出}{section.2.2}% 10
\BOOKMARK [2][-]{subsection.2.2.3}{画像マッチング}{section.2.2}% 11
\BOOKMARK [2][-]{subsection.2.2.4}{姿勢補正}{section.2.2}% 12
\BOOKMARK [1][-]{section.2.3}{RGB-D画像に基づく配管6D姿勢推定}{chapter.2}% 13
\BOOKMARK [2][-]{subsection.2.3.1}{全体構成}{section.2.3}% 14
\BOOKMARK [2][-]{subsection.2.3.2}{インスタンスセグメンテーション}{section.2.3}% 15
\BOOKMARK [2][-]{subsection.2.3.3}{姿勢推定}{section.2.3}% 16
\BOOKMARK [2][-]{subsection.2.3.4}{姿勢補正}{section.2.3}% 17
\BOOKMARK [0][-]{chapter.3}{アイソメトリック図生成}{}% 18
\BOOKMARK [1][-]{section.3.1}{全体構造}{chapter.3}% 19
\BOOKMARK [1][-]{section.3.2}{配管ペアマッチング}{chapter.3}% 20
\BOOKMARK [1][-]{section.3.3}{配管接続構造の探索}{chapter.3}% 21
\BOOKMARK [1][-]{section.3.4}{配管情報の描画}{chapter.3}% 22
\BOOKMARK [0][-]{chapter.4}{実環境における配管設備での検証実験}{}% 23
\BOOKMARK [1][-]{section.4.1}{実験方法}{chapter.4}% 24
\BOOKMARK [1][-]{section.4.2}{RGB画像に基づく6D姿勢推定のデータセット収集}{chapter.4}% 25
\BOOKMARK [2][-]{subsection.4.2.1}{物体検出}{section.4.2}% 26
\BOOKMARK [2][-]{subsection.4.2.2}{画像マッチング}{section.4.2}% 27
\BOOKMARK [1][-]{section.4.3}{RGB-D画像に基づく6D姿勢推定のデータセット収集}{chapter.4}% 28
\BOOKMARK [2][-]{subsection.4.3.1}{インスタンスセグメンテーション}{section.4.3}% 29
\BOOKMARK [2][-]{subsection.4.3.2}{ポイントマッチング}{section.4.3}% 30
\BOOKMARK [1][-]{section.4.4}{評価指標}{chapter.4}% 31
\BOOKMARK [1][-]{section.4.5}{結果と考察}{chapter.4}% 32
\BOOKMARK [0][-]{chapter.5}{仮想環境における大規模配管設備での検証実験}{}% 33
\BOOKMARK [1][-]{section.5.1}{データセット収集}{chapter.5}% 34
\BOOKMARK [2][-]{subsection.5.1.1}{仮想環境構築}{section.5.1}% 35
\BOOKMARK [2][-]{subsection.5.1.2}{センサモデルの導入}{section.5.1}% 36
\BOOKMARK [1][-]{section.5.2}{評価指標}{chapter.5}% 37
\BOOKMARK [1][-]{section.5.3}{結果と考察}{chapter.5}% 38
\BOOKMARK [0][-]{chapter.6}{結論}{}% 39
\BOOKMARK [1][-]{section.6.1}{本論文のまとめ}{chapter.6}% 40
\BOOKMARK [1][-]{section.6.2}{今後の課題}{chapter.6}% 41
\BOOKMARK [0][-]{chapter*.5}{参考文献}{}% 42
