This is pdfTeX, Version 3.141592653-2.6-1.40.22 (TeX Live 2022/dev/Debian) (preloaded format=pdflatex 2023.2.1)  8 FEB 2023 15:53
entering extended mode
 restricted \write18 enabled.
 file:line:error style messages enabled.
 %&-line parsing enabled.
**/home/mukuyo/ws/latex/grad_main/kzthesis.tex
(/home/mukuyo/ws/latex/grad_main/kzthesis.tex
LaTeX2e <2021-11-15> patch level 1
L3 programming layer <2022-01-21> (./kzthesis.cls
Document Class: kzthesis 2008/01/13 v113

./kzthesis.cls:23: LaTeX Error: This file needs format `pLaTeX2e'
               but this is `LaTeX2e'.

See the LaTeX manual or LaTeX Companion for explanation.
Type  H <return>  for immediate help.
 ...                                              
                                                  
l.23 \NeedsTeXFormat{pLaTeX2e}
                                    % ãƒ•ã‚©ãƒ¼ãƒãƒƒãƒˆãƒ•ã‚¡ã‚¤ãƒ«ã®æŒ‡å®...
The current input file will not be processed further,
because it was written for some other flavor of TeX.
You're in trouble here.  Try typing  <return>  to proceed.
If that doesn't work, type  X <return>  to quit.

) (/usr/share/texlive/texmf-dist/tex/latex/l3backend/l3backend-pdftex.def
File: l3backend-pdftex.def 2022-01-12 L3 backend support: PDF output (pdfTeX)
\l__color_backend_stack_int=\count185
\l__pdf_internal_box=\box50
) (./kzthesis.aux)
\openout1 = `kzthesis.aux'.

LaTeX Font Info:    Checking defaults for OML/cmm/m/it on input line 18.
LaTeX Font Info:    ... okay on input line 18.
LaTeX Font Info:    Checking defaults for OMS/cmsy/m/n on input line 18.
LaTeX Font Info:    ... okay on input line 18.
LaTeX Font Info:    Checking defaults for OT1/cmr/m/n on input line 18.
LaTeX Font Info:    ... okay on input line 18.
LaTeX Font Info:    Checking defaults for T1/cmr/m/n on input line 18.
LaTeX Font Info:    ... okay on input line 18.
LaTeX Font Info:    Checking defaults for TS1/cmr/m/n on input line 18.
LaTeX Font Info:    ... okay on input line 18.
LaTeX Font Info:    Checking defaults for OMX/cmex/m/n on input line 18.
LaTeX Font Info:    ... okay on input line 18.
LaTeX Font Info:    Checking defaults for U/cmr/m/n on input line 18.
LaTeX Font Info:    ... okay on input line 18.


/home/mukuyo/ws/latex/grad_main/kzthesis.tex:18: LaTeX Error: The font size command \normalsize is not defined:
               there is probably something wrong with the class file.

See the LaTeX manual or LaTeX Companion for explanation.
Type  H <return>  for immediate help.
 ...                                              
                                                  
l.18 \begin{document}
                     
Your command was ignored.
Type  I <command> <return>  to replace it with another command,
or  <return>  to continue without it.

\openout2 = `title.aux'.

(./title.tex)
/home/mukuyo/ws/latex/grad_main/kzthesis.tex:23: Undefined control sequence.
l.23 \frontmatter
                 							% é ã¯ãƒ­ãƒ¼ãƒæ•°å­—ï¼Œç« ç•ªå·ã‚’ä»˜ã‘ãªã„
The control sequence at the end of the top line
of your error message was never \def'ed. If you have
misspelled it (e.g., `\hobx'), type `I' and the correct
spelling (e.g., `I\hbox'). Otherwise just continue,
and I'll forget about whatever was undefined.

\openout2 = `abstract.aux'.

(./abstract.tex
./abstract.tex:1: Undefined control sequence.
l.1 \section
            *{%
The control sequence at the end of the top line
of your error message was never \def'ed. If you have
misspelled it (e.g., `\hobx'), type `I' and the correct
spelling (e.g., `I\hbox'). Otherwise just continue,
and I'll forget about whatever was undefined.


./abstract.tex:2: LaTeX Error: Unicode character æ‘˜ (U+6458)
               not set up for use with LaTeX.

See the LaTeX manual or LaTeX Companion for explanation.
Type  H <return>  for immediate help.
 ...                                              
                                                  
l.2 æ‘˜
       è¦}
You may provide a definition with
\DeclareUnicodeCharacter 


./abstract.tex:2: LaTeX Error: Unicode character è¦ (U+8981)
               not set up for use with LaTeX.

See the LaTeX manual or LaTeX Companion for explanation.
Type  H <return>  for immediate help.
 ...                                              
                                                  
l.2 æ‘˜è¦
          }
You may provide a definition with
\DeclareUnicodeCharacter 


./abstract.tex:4: LaTeX Error: Unicode character è¿‘ (U+8FD1)
               not set up for use with LaTeX.

See the LaTeX manual or LaTeX Companion for explanation.
Type  H <return>  for immediate help.
 ...                                              
                                                  
l.4 è¿‘
       å¹´ã®å»ºç¯‰ã§ã¯BIMï¼ˆBuilding Information Modelingï¼‰ã¨å‘¼ã°ã‚Œã...
You may provide a definition with
\DeclareUnicodeCharacter 


./abstract.tex:4: LaTeX Error: Unicode character å¹´ (U+5E74)
               not set up for use with LaTeX.

See the LaTeX manual or LaTeX Companion for explanation.
Type  H <return>  for immediate help.
 ...                                              
                                                  
l.4 è¿‘å¹´
          ã®å»ºç¯‰ã§ã¯BIMï¼ˆBuilding Information Modelingï¼‰ã¨å‘¼ã°ã‚Œã...
You may provide a definition with
\DeclareUnicodeCharacter 


./abstract.tex:4: LaTeX Error: Unicode character ã® (U+306E)
               not set up for use with LaTeX.

See the LaTeX manual or LaTeX Companion for explanation.
Type  H <return>  for immediate help.
 ...                                              
                                                  
l.4 è¿‘å¹´ã®
             å»ºç¯‰ã§ã¯BIMï¼ˆBuilding Information Modelingï¼‰ã¨å‘¼ã°ã‚Œã...
You may provide a definition with
\DeclareUnicodeCharacter 


./abstract.tex:4: LaTeX Error: Unicode character å»º (U+5EFA)
               not set up for use with LaTeX.

See the LaTeX manual or LaTeX Companion for explanation.
Type  H <return>  for immediate help.
 ...                                              
                                                  
l.4 è¿‘å¹´ã®å»º
                ç¯‰ã§ã¯BIMï¼ˆBuilding Information Modelingï¼‰ã¨å‘¼ã°ã‚Œã...
You may provide a definition with
\DeclareUnicodeCharacter 


./abstract.tex:4: LaTeX Error: Unicode character ç¯‰ (U+7BC9)
               not set up for use with LaTeX.

See the LaTeX manual or LaTeX Companion for explanation.
Type  H <return>  for immediate help.
 ...                                              
                                                  
l.4 è¿‘å¹´ã®å»ºç¯‰
                   ã§ã¯BIMï¼ˆBuilding Information Modelingï¼‰ã¨å‘¼ã°ã‚Œã...
You may provide a definition with
\DeclareUnicodeCharacter 


./abstract.tex:4: LaTeX Error: Unicode character ã§ (U+3067)
               not set up for use with LaTeX.

See the LaTeX manual or LaTeX Companion for explanation.
Type  H <return>  for immediate help.
 ...                                              
                                                  
l.4 è¿‘å¹´ã®å»ºç¯‰ã§
                      ã¯BIMï¼ˆBuilding Information Modelingï¼‰ã¨å‘¼ã°ã‚Œã...
You may provide a definition with
\DeclareUnicodeCharacter 


./abstract.tex:4: LaTeX Error: Unicode character ã¯ (U+306F)
               not set up for use with LaTeX.

See the LaTeX manual or LaTeX Companion for explanation.
Type  H <return>  for immediate help.
 ...                                              
                                                  
l.4 è¿‘å¹´ã®å»ºç¯‰ã§ã¯
                         BIMï¼ˆBuilding Information Modelingï¼‰ã¨å‘¼ã°ã‚Œã...
You may provide a definition with
\DeclareUnicodeCharacter 


./abstract.tex:4: LaTeX Error: Unicode character ï¼ˆ (U+FF08)
               not set up for use with LaTeX.

See the LaTeX manual or LaTeX Companion for explanation.
Type  H <return>  for immediate help.
 ...                                              
                                                  
l.4 è¿‘å¹´ã®å»ºç¯‰ã§ã¯BIMï¼ˆ
                               Building Information Modelingï¼‰ã¨å‘¼ã°ã‚Œã...
You may provide a definition with
\DeclareUnicodeCharacter 


./abstract.tex:4: LaTeX Error: Unicode character ï¼‰ (U+FF09)
               not set up for use with LaTeX.

See the LaTeX manual or LaTeX Companion for explanation.
Type  H <return>  for immediate help.
 ...                                              
                                                  
l.4 ...§ã¯BIMï¼ˆBuilding Information Modelingï¼‰
                                                  ã¨å‘¼ã°ã‚Œã‚‹ã‚³ãƒ³ãƒ”ãƒ...
You may provide a definition with
\DeclareUnicodeCharacter 


./abstract.tex:4: LaTeX Error: Unicode character ã¨ (U+3068)
               not set up for use with LaTeX.

See the LaTeX manual or LaTeX Companion for explanation.
Type  H <return>  for immediate help.
 ...                                              
                                                  
l.4 ...¯BIMï¼ˆBuilding Information Modelingï¼‰ã¨
                                                  å‘¼ã°ã‚Œã‚‹ã‚³ãƒ³ãƒ”ãƒ¥ãƒ...
You may provide a definition with
\DeclareUnicodeCharacter 


./abstract.tex:4: LaTeX Error: Unicode character å‘¼ (U+547C)
               not set up for use with LaTeX.

See the LaTeX manual or LaTeX Companion for explanation.
Type  H <return>  for immediate help.
 ...                                              
                                                  
l.4 ...IMï¼ˆBuilding Information Modelingï¼‰ã¨å‘¼
                                                  ã°ã‚Œã‚‹ã‚³ãƒ³ãƒ”ãƒ¥ãƒ¼ã‚...
You may provide a definition with
\DeclareUnicodeCharacter 


./abstract.tex:4: LaTeX Error: Unicode character ã° (U+3070)
               not set up for use with LaTeX.

See the LaTeX manual or LaTeX Companion for explanation.
Type  H <return>  for immediate help.
 ...                                              
                                                  
l.4 ...¼ˆBuilding Information Modelingï¼‰ã¨å‘¼ã°
                                                  ã‚Œã‚‹ã‚³ãƒ³ãƒ”ãƒ¥ãƒ¼ã‚¿ä¸...
You may provide a definition with
\DeclareUnicodeCharacter 


./abstract.tex:4: LaTeX Error: Unicode character ã‚Œ (U+308C)
               not set up for use with LaTeX.

See the LaTeX manual or LaTeX Companion for explanation.
Type  H <return>  for immediate help.
 ...                                              
                                                  
l.4 ...uilding Information Modelingï¼‰ã¨å‘¼ã°ã‚Œ
                                                  ã‚‹ã‚³ãƒ³ãƒ”ãƒ¥ãƒ¼ã‚¿ä¸Šã...
You may provide a definition with
\DeclareUnicodeCharacter 


./abstract.tex:4: LaTeX Error: Unicode character ã‚‹ (U+308B)
               not set up for use with LaTeX.

See the LaTeX manual or LaTeX Companion for explanation.
Type  H <return>  for immediate help.
 ...                                              
                                                  
l.4 ...ding Information Modelingï¼‰ã¨å‘¼ã°ã‚Œã‚‹
                                                  ã‚³ãƒ³ãƒ”ãƒ¥ãƒ¼ã‚¿ä¸Šã«ç...
You may provide a definition with
\DeclareUnicodeCharacter 


./abstract.tex:4: LaTeX Error: Unicode character ã‚³ (U+30B3)
               not set up for use with LaTeX.

See the LaTeX manual or LaTeX Companion for explanation.
Type  H <return>  for immediate help.
 ...                                              
                                                  
l.4 ...g Information Modelingï¼‰ã¨å‘¼ã°ã‚Œã‚‹ã‚³
                                                  ãƒ³ãƒ”ãƒ¥ãƒ¼ã‚¿ä¸Šã«ç¾å®...
You may provide a definition with
\DeclareUnicodeCharacter 


./abstract.tex:4: LaTeX Error: Unicode character ãƒ³ (U+30F3)
               not set up for use with LaTeX.

See the LaTeX manual or LaTeX Companion for explanation.
Type  H <return>  for immediate help.
 ...                                              
                                                  
l.4 ...nformation Modelingï¼‰ã¨å‘¼ã°ã‚Œã‚‹ã‚³ãƒ³
                                                  ãƒ”ãƒ¥ãƒ¼ã‚¿ä¸Šã«ç¾å®Ÿã...
You may provide a definition with
\DeclareUnicodeCharacter 


./abstract.tex:4: LaTeX Error: Unicode character ãƒ” (U+30D4)
               not set up for use with LaTeX.

See the LaTeX manual or LaTeX Companion for explanation.
Type  H <return>  for immediate help.
 ...                                              
                                                  
l.4 ...rmation Modelingï¼‰ã¨å‘¼ã°ã‚Œã‚‹ã‚³ãƒ³ãƒ”
                                                  ãƒ¥ãƒ¼ã‚¿ä¸Šã«ç¾å®Ÿã¨å...
You may provide a definition with
\DeclareUnicodeCharacter 


./abstract.tex:4: LaTeX Error: Unicode character ãƒ¥ (U+30E5)
               not set up for use with LaTeX.

See the LaTeX manual or LaTeX Companion for explanation.
Type  H <return>  for immediate help.
 ...                                              
                                                  
l.4 ...tion Modelingï¼‰ã¨å‘¼ã°ã‚Œã‚‹ã‚³ãƒ³ãƒ”ãƒ¥
                                                  ãƒ¼ã‚¿ä¸Šã«ç¾å®Ÿã¨åŒã...
You may provide a definition with
\DeclareUnicodeCharacter 


./abstract.tex:4: LaTeX Error: Unicode character ãƒ¼ (U+30FC)
               not set up for use with LaTeX.

See the LaTeX manual or LaTeX Companion for explanation.
Type  H <return>  for immediate help.
 ...                                              
                                                  
l.4 ...n Modelingï¼‰ã¨å‘¼ã°ã‚Œã‚‹ã‚³ãƒ³ãƒ”ãƒ¥ãƒ¼
                                                  ã‚¿ä¸Šã«ç¾å®Ÿã¨åŒã˜å»...
You may provide a definition with
\DeclareUnicodeCharacter 


./abstract.tex:4: LaTeX Error: Unicode character ã‚¿ (U+30BF)
               not set up for use with LaTeX.

See the LaTeX manual or LaTeX Companion for explanation.
Type  H <return>  for immediate help.
 ...                                              
                                                  
l.4 ...odelingï¼‰ã¨å‘¼ã°ã‚Œã‚‹ã‚³ãƒ³ãƒ”ãƒ¥ãƒ¼ã‚¿
                                                  ä¸Šã«ç¾å®Ÿã¨åŒã˜å»ºç‰...
You may provide a definition with
\DeclareUnicodeCharacter 


./abstract.tex:4: LaTeX Error: Unicode character ä¸Š (U+4E0A)
               not set up for use with LaTeX.

See the LaTeX manual or LaTeX Companion for explanation.
Type  H <return>  for immediate help.
 ...                                              
                                                  
l.4 ...lingï¼‰ã¨å‘¼ã°ã‚Œã‚‹ã‚³ãƒ³ãƒ”ãƒ¥ãƒ¼ã‚¿ä¸Š
                                                  ã«ç¾å®Ÿã¨åŒã˜å»ºç‰©ã...
You may provide a definition with
\DeclareUnicodeCharacter 


./abstract.tex:4: LaTeX Error: Unicode character ã« (U+306B)
               not set up for use with LaTeX.

See the LaTeX manual or LaTeX Companion for explanation.
Type  H <return>  for immediate help.
 ...                                              
                                                  
l.4 ...gï¼‰ã¨å‘¼ã°ã‚Œã‚‹ã‚³ãƒ³ãƒ”ãƒ¥ãƒ¼ã‚¿ä¸Šã«
                                                  ç¾å®Ÿã¨åŒã˜å»ºç‰©ã®ç«...
You may provide a definition with
\DeclareUnicodeCharacter 


./abstract.tex:4: LaTeX Error: Unicode character ç¾ (U+73FE)
               not set up for use with LaTeX.

See the LaTeX manual or LaTeX Companion for explanation.
Type  H <return>  for immediate help.
 ...                                              
                                                  
l.4 ...‰ã¨å‘¼ã°ã‚Œã‚‹ã‚³ãƒ³ãƒ”ãƒ¥ãƒ¼ã‚¿ä¸Šã«ç¾
                                                  å®Ÿã¨åŒã˜å»ºç‰©ã®ç«‹ä½...
You may provide a definition with
\DeclareUnicodeCharacter 


./abstract.tex:4: LaTeX Error: Unicode character å®Ÿ (U+5B9F)
               not set up for use with LaTeX.

See the LaTeX manual or LaTeX Companion for explanation.
Type  H <return>  for immediate help.
 ...                                              
                                                  
l.4 ...¨å‘¼ã°ã‚Œã‚‹ã‚³ãƒ³ãƒ”ãƒ¥ãƒ¼ã‚¿ä¸Šã«ç¾å®Ÿ
                                                  ã¨åŒã˜å»ºç‰©ã®ç«‹ä½“ãƒ...
You may provide a definition with
\DeclareUnicodeCharacter 


./abstract.tex:4: LaTeX Error: Unicode character ã¨ (U+3068)
               not set up for use with LaTeX.

See the LaTeX manual or LaTeX Companion for explanation.
Type  H <return>  for immediate help.
 ...                                              
                                                  
l.4 ...¼ã°ã‚Œã‚‹ã‚³ãƒ³ãƒ”ãƒ¥ãƒ¼ã‚¿ä¸Šã«ç¾å®Ÿã¨
                                                  åŒã˜å»ºç‰©ã®ç«‹ä½“ãƒ¢ãƒ...
You may provide a definition with
\DeclareUnicodeCharacter 


./abstract.tex:4: LaTeX Error: Unicode character åŒ (U+540C)
               not set up for use with LaTeX.

See the LaTeX manual or LaTeX Companion for explanation.
Type  H <return>  for immediate help.
 ...                                              
                                                  
l.4 ...°ã‚Œã‚‹ã‚³ãƒ³ãƒ”ãƒ¥ãƒ¼ã‚¿ä¸Šã«ç¾å®Ÿã¨åŒ
                                                  ã˜å»ºç‰©ã®ç«‹ä½“ãƒ¢ãƒ‡ãƒ...
You may provide a definition with
\DeclareUnicodeCharacter 


./abstract.tex:4: LaTeX Error: Unicode character ã˜ (U+3058)
               not set up for use with LaTeX.

See the LaTeX manual or LaTeX Companion for explanation.
Type  H <return>  for immediate help.
 ...                                              
                                                  
l.4 ...Œã‚‹ã‚³ãƒ³ãƒ”ãƒ¥ãƒ¼ã‚¿ä¸Šã«ç¾å®Ÿã¨åŒã˜
                                                  å»ºç‰©ã®ç«‹ä½“ãƒ¢ãƒ‡ãƒ«ã‚...
You may provide a definition with
\DeclareUnicodeCharacter 


./abstract.tex:4: LaTeX Error: Unicode character å»º (U+5EFA)
               not set up for use with LaTeX.

See the LaTeX manual or LaTeX Companion for explanation.
Type  H <return>  for immediate help.
 ...                                              
                                                  
l.4 ...‹ã‚³ãƒ³ãƒ”ãƒ¥ãƒ¼ã‚¿ä¸Šã«ç¾å®Ÿã¨åŒã˜å»º
                                                  ç‰©ã®ç«‹ä½“ãƒ¢ãƒ‡ãƒ«ã‚’å†...
You may provide a definition with
\DeclareUnicodeCharacter 


./abstract.tex:4: LaTeX Error: Unicode character ç‰© (U+7269)
               not set up for use with LaTeX.

See the LaTeX manual or LaTeX Companion for explanation.
Type  H <return>  for immediate help.
 ...                                              
                                                  
l.4 ...³ãƒ³ãƒ”ãƒ¥ãƒ¼ã‚¿ä¸Šã«ç¾å®Ÿã¨åŒã˜å»ºç‰©
                                                  ã®ç«‹ä½“ãƒ¢ãƒ‡ãƒ«ã‚’å†ç...
You may provide a definition with
\DeclareUnicodeCharacter 


./abstract.tex:4: LaTeX Error: Unicode character ã® (U+306E)
               not set up for use with LaTeX.

See the LaTeX manual or LaTeX Companion for explanation.
Type  H <return>  for immediate help.
 ...                                              
                                                  
l.4 ...³ãƒ”ãƒ¥ãƒ¼ã‚¿ä¸Šã«ç¾å®Ÿã¨åŒã˜å»ºç‰©ã®
                                                  ç«‹ä½“ãƒ¢ãƒ‡ãƒ«ã‚’å†ç¾ã...
You may provide a definition with
\DeclareUnicodeCharacter 


./abstract.tex:4: LaTeX Error: Unicode character ç«‹ (U+7ACB)
               not set up for use with LaTeX.

See the LaTeX manual or LaTeX Companion for explanation.
Type  H <return>  for immediate help.
 ...                                              
                                                  
l.4 ...”ãƒ¥ãƒ¼ã‚¿ä¸Šã«ç¾å®Ÿã¨åŒã˜å»ºç‰©ã®ç«‹
                                                  ä½“ãƒ¢ãƒ‡ãƒ«ã‚’å†ç¾ã—ï¼Œ
You may provide a definition with
\DeclareUnicodeCharacter 


./abstract.tex:4: LaTeX Error: Unicode character ä½“ (U+4F53)
               not set up for use with LaTeX.

See the LaTeX manual or LaTeX Companion for explanation.
Type  H <return>  for immediate help.
 ...                                              
                                                  
l.4 ...¥ãƒ¼ã‚¿ä¸Šã«ç¾å®Ÿã¨åŒã˜å»ºç‰©ã®ç«‹ä½“
                                                  ãƒ¢ãƒ‡ãƒ«ã‚’å†ç¾ã—ï¼Œ
You may provide a definition with
\DeclareUnicodeCharacter 


./abstract.tex:4: LaTeX Error: Unicode character ãƒ¢ (U+30E2)
               not set up for use with LaTeX.

See the LaTeX manual or LaTeX Companion for explanation.
Type  H <return>  for immediate help.
 ...                                              
                                                  
l.4 ...¼ã‚¿ä¸Šã«ç¾å®Ÿã¨åŒã˜å»ºç‰©ã®ç«‹ä½“ãƒ¢
                                                  ãƒ‡ãƒ«ã‚’å†ç¾ã—ï¼Œ
You may provide a definition with
\DeclareUnicodeCharacter 


./abstract.tex:4: LaTeX Error: Unicode character ãƒ‡ (U+30C7)
               not set up for use with LaTeX.

See the LaTeX manual or LaTeX Companion for explanation.
Type  H <return>  for immediate help.
 ...                                              
                                                  
l.4 ...¿ä¸Šã«ç¾å®Ÿã¨åŒã˜å»ºç‰©ã®ç«‹ä½“ãƒ¢ãƒ‡
                                                  ãƒ«ã‚’å†ç¾ã—ï¼Œ
You may provide a definition with
\DeclareUnicodeCharacter 


./abstract.tex:4: LaTeX Error: Unicode character ãƒ« (U+30EB)
               not set up for use with LaTeX.

See the LaTeX manual or LaTeX Companion for explanation.
Type  H <return>  for immediate help.
 ...                                              
                                                  
l.4 ...Šã«ç¾å®Ÿã¨åŒã˜å»ºç‰©ã®ç«‹ä½“ãƒ¢ãƒ‡ãƒ«
                                                  ã‚’å†ç¾ã—ï¼Œ
You may provide a definition with
\DeclareUnicodeCharacter 


./abstract.tex:4: LaTeX Error: Unicode character ã‚’ (U+3092)
               not set up for use with LaTeX.

See the LaTeX manual or LaTeX Companion for explanation.
Type  H <return>  for immediate help.
 ...                                              
                                                  
l.4 ...«ç¾å®Ÿã¨åŒã˜å»ºç‰©ã®ç«‹ä½“ãƒ¢ãƒ‡ãƒ«ã‚’
                                                  å†ç¾ã—ï¼Œ
You may provide a definition with
\DeclareUnicodeCharacter 


./abstract.tex:4: LaTeX Error: Unicode character å† (U+518D)
               not set up for use with LaTeX.

See the LaTeX manual or LaTeX Companion for explanation.
Type  H <return>  for immediate help.
 ...                                              
                                                  
l.4 ...¾å®Ÿã¨åŒã˜å»ºç‰©ã®ç«‹ä½“ãƒ¢ãƒ‡ãƒ«ã‚’å†
                                                  ç¾ã—ï¼Œ
You may provide a definition with
\DeclareUnicodeCharacter 


./abstract.tex:4: LaTeX Error: Unicode character ç¾ (U+73FE)
               not set up for use with LaTeX.

See the LaTeX manual or LaTeX Companion for explanation.
Type  H <return>  for immediate help.
 ...                                              
                                                  
l.4 ...Ÿã¨åŒã˜å»ºç‰©ã®ç«‹ä½“ãƒ¢ãƒ‡ãƒ«ã‚’å†ç¾
                                                  ã—ï¼Œ
You may provide a definition with
\DeclareUnicodeCharacter 


./abstract.tex:4: LaTeX Error: Unicode character ã— (U+3057)
               not set up for use with LaTeX.

See the LaTeX manual or LaTeX Companion for explanation.
Type  H <return>  for immediate help.
 ...                                              
                                                  
l.4 ...¨åŒã˜å»ºç‰©ã®ç«‹ä½“ãƒ¢ãƒ‡ãƒ«ã‚’å†ç¾ã—
                                                  ï¼Œ
You may provide a definition with
\DeclareUnicodeCharacter 


./abstract.tex:4: LaTeX Error: Unicode character ï¼Œ (U+FF0C)
               not set up for use with LaTeX.

See the LaTeX manual or LaTeX Companion for explanation.
Type  H <return>  for immediate help.
 ...                                              
                                                  
l.4 ...Œã˜å»ºç‰©ã®ç«‹ä½“ãƒ¢ãƒ‡ãƒ«ã‚’å†ç¾ã—ï¼Œ
                                                  
You may provide a definition with
\DeclareUnicodeCharacter 


./abstract.tex:5: LaTeX Error: Unicode character å¯ (U+53EF)
               not set up for use with LaTeX.

See the LaTeX manual or LaTeX Companion for explanation.
Type  H <return>  for immediate help.
 ...                                              
                                                  
l.5 å¯
       è¦–åŒ–ã™ã‚‹ãƒ¯ãƒ¼ã‚¯ãƒ•ãƒ­ãƒ¼ãŒæ³¨ç›®ã•ã‚Œã¦ã„ã‚‹ï¼å¾“æ¥ã®é…...
You may provide a definition with
\DeclareUnicodeCharacter 


./abstract.tex:5: LaTeX Error: Unicode character è¦– (U+8996)
               not set up for use with LaTeX.

See the LaTeX manual or LaTeX Companion for explanation.
Type  H <return>  for immediate help.
 ...                                              
                                                  
l.5 å¯è¦–
          åŒ–ã™ã‚‹ãƒ¯ãƒ¼ã‚¯ãƒ•ãƒ­ãƒ¼ãŒæ³¨ç›®ã•ã‚Œã¦ã„ã‚‹ï¼å¾“æ¥ã®é…...
You may provide a definition with
\DeclareUnicodeCharacter 


./abstract.tex:5: LaTeX Error: Unicode character åŒ– (U+5316)
               not set up for use with LaTeX.

See the LaTeX manual or LaTeX Companion for explanation.
Type  H <return>  for immediate help.
 ...                                              
                                                  
l.5 å¯è¦–åŒ–
             ã™ã‚‹ãƒ¯ãƒ¼ã‚¯ãƒ•ãƒ­ãƒ¼ãŒæ³¨ç›®ã•ã‚Œã¦ã„ã‚‹ï¼å¾“æ¥ã®é…...
You may provide a definition with
\DeclareUnicodeCharacter 


./abstract.tex:5: LaTeX Error: Unicode character ã™ (U+3059)
               not set up for use with LaTeX.

See the LaTeX manual or LaTeX Companion for explanation.
Type  H <return>  for immediate help.
 ...                                              
                                                  
l.5 å¯è¦–åŒ–ã™
                ã‚‹ãƒ¯ãƒ¼ã‚¯ãƒ•ãƒ­ãƒ¼ãŒæ³¨ç›®ã•ã‚Œã¦ã„ã‚‹ï¼å¾“æ¥ã®é…...
You may provide a definition with
\DeclareUnicodeCharacter 


./abstract.tex:5: LaTeX Error: Unicode character ã‚‹ (U+308B)
               not set up for use with LaTeX.

See the LaTeX manual or LaTeX Companion for explanation.
Type  H <return>  for immediate help.
 ...                                              
                                                  
l.5 å¯è¦–åŒ–ã™ã‚‹
                   ãƒ¯ãƒ¼ã‚¯ãƒ•ãƒ­ãƒ¼ãŒæ³¨ç›®ã•ã‚Œã¦ã„ã‚‹ï¼å¾“æ¥ã®é…...
You may provide a definition with
\DeclareUnicodeCharacter 


./abstract.tex:5: LaTeX Error: Unicode character ãƒ¯ (U+30EF)
               not set up for use with LaTeX.

See the LaTeX manual or LaTeX Companion for explanation.
Type  H <return>  for immediate help.
 ...                                              
                                                  
l.5 å¯è¦–åŒ–ã™ã‚‹ãƒ¯
                      ãƒ¼ã‚¯ãƒ•ãƒ­ãƒ¼ãŒæ³¨ç›®ã•ã‚Œã¦ã„ã‚‹ï¼å¾“æ¥ã®é…...
You may provide a definition with
\DeclareUnicodeCharacter 


./abstract.tex:5: LaTeX Error: Unicode character ãƒ¼ (U+30FC)
               not set up for use with LaTeX.

See the LaTeX manual or LaTeX Companion for explanation.
Type  H <return>  for immediate help.
 ...                                              
                                                  
l.5 å¯è¦–åŒ–ã™ã‚‹ãƒ¯ãƒ¼
                         ã‚¯ãƒ•ãƒ­ãƒ¼ãŒæ³¨ç›®ã•ã‚Œã¦ã„ã‚‹ï¼å¾“æ¥ã®é…...
You may provide a definition with
\DeclareUnicodeCharacter 


./abstract.tex:5: LaTeX Error: Unicode character ã‚¯ (U+30AF)
               not set up for use with LaTeX.

See the LaTeX manual or LaTeX Companion for explanation.
Type  H <return>  for immediate help.
 ...                                              
                                                  
l.5 å¯è¦–åŒ–ã™ã‚‹ãƒ¯ãƒ¼ã‚¯
                            ãƒ•ãƒ­ãƒ¼ãŒæ³¨ç›®ã•ã‚Œã¦ã„ã‚‹ï¼å¾“æ¥ã®é…...
You may provide a definition with
\DeclareUnicodeCharacter 


./abstract.tex:5: LaTeX Error: Unicode character ãƒ• (U+30D5)
               not set up for use with LaTeX.

See the LaTeX manual or LaTeX Companion for explanation.
Type  H <return>  for immediate help.
 ...                                              
                                                  
l.5 å¯è¦–åŒ–ã™ã‚‹ãƒ¯ãƒ¼ã‚¯ãƒ•
                               ãƒ­ãƒ¼ãŒæ³¨ç›®ã•ã‚Œã¦ã„ã‚‹ï¼å¾“æ¥ã®é…...
You may provide a definition with
\DeclareUnicodeCharacter 


./abstract.tex:5: LaTeX Error: Unicode character ãƒ­ (U+30ED)
               not set up for use with LaTeX.

See the LaTeX manual or LaTeX Companion for explanation.
Type  H <return>  for immediate help.
 ...                                              
                                                  
l.5 å¯è¦–åŒ–ã™ã‚‹ãƒ¯ãƒ¼ã‚¯ãƒ•ãƒ­
                                  ãƒ¼ãŒæ³¨ç›®ã•ã‚Œã¦ã„ã‚‹ï¼å¾“æ¥ã®é…...
You may provide a definition with
\DeclareUnicodeCharacter 


./abstract.tex:5: LaTeX Error: Unicode character ãƒ¼ (U+30FC)
               not set up for use with LaTeX.

See the LaTeX manual or LaTeX Companion for explanation.
Type  H <return>  for immediate help.
 ...                                              
                                                  
l.5 å¯è¦–åŒ–ã™ã‚‹ãƒ¯ãƒ¼ã‚¯ãƒ•ãƒ­ãƒ¼
                                     ãŒæ³¨ç›®ã•ã‚Œã¦ã„ã‚‹ï¼å¾“æ¥ã®é…...
You may provide a definition with
\DeclareUnicodeCharacter 


./abstract.tex:5: LaTeX Error: Unicode character ãŒ (U+304C)
               not set up for use with LaTeX.

See the LaTeX manual or LaTeX Companion for explanation.
Type  H <return>  for immediate help.
 ...                                              
                                                  
l.5 å¯è¦–åŒ–ã™ã‚‹ãƒ¯ãƒ¼ã‚¯ãƒ•ãƒ­ãƒ¼ãŒ
                                        æ³¨ç›®ã•ã‚Œã¦ã„ã‚‹ï¼å¾“æ¥ã®é…...
You may provide a definition with
\DeclareUnicodeCharacter 


./abstract.tex:5: LaTeX Error: Unicode character æ³¨ (U+6CE8)
               not set up for use with LaTeX.

See the LaTeX manual or LaTeX Companion for explanation.
Type  H <return>  for immediate help.
 ...                                              
                                                  
l.5 å¯è¦–åŒ–ã™ã‚‹ãƒ¯ãƒ¼ã‚¯ãƒ•ãƒ­ãƒ¼ãŒæ³¨
                                           ç›®ã•ã‚Œã¦ã„ã‚‹ï¼å¾“æ¥ã®é…...
You may provide a definition with
\DeclareUnicodeCharacter 


./abstract.tex:5: LaTeX Error: Unicode character ç›® (U+76EE)
               not set up for use with LaTeX.

See the LaTeX manual or LaTeX Companion for explanation.
Type  H <return>  for immediate help.
 ...                                              
                                                  
l.5 å¯è¦–åŒ–ã™ã‚‹ãƒ¯ãƒ¼ã‚¯ãƒ•ãƒ­ãƒ¼ãŒæ³¨ç›®
                                              ã•ã‚Œã¦ã„ã‚‹ï¼å¾“æ¥ã®é…...
You may provide a definition with
\DeclareUnicodeCharacter 


./abstract.tex:5: LaTeX Error: Unicode character ã• (U+3055)
               not set up for use with LaTeX.

See the LaTeX manual or LaTeX Companion for explanation.
Type  H <return>  for immediate help.
 ...                                              
                                                  
l.5 å¯è¦–åŒ–ã™ã‚‹ãƒ¯ãƒ¼ã‚¯ãƒ•ãƒ­ãƒ¼ãŒæ³¨ç›®ã•
                                                 ã‚Œã¦ã„ã‚‹ï¼å¾“æ¥ã®é…...
You may provide a definition with
\DeclareUnicodeCharacter 


./abstract.tex:5: LaTeX Error: Unicode character ã‚Œ (U+308C)
               not set up for use with LaTeX.

See the LaTeX manual or LaTeX Companion for explanation.
Type  H <return>  for immediate help.
 ...                                              
                                                  
l.5 ...–åŒ–ã™ã‚‹ãƒ¯ãƒ¼ã‚¯ãƒ•ãƒ­ãƒ¼ãŒæ³¨ç›®ã•ã‚Œ
                                                  ã¦ã„ã‚‹ï¼å¾“æ¥ã®é…ç®...
You may provide a definition with
\DeclareUnicodeCharacter 


./abstract.tex:5: LaTeX Error: Unicode character ã¦ (U+3066)
               not set up for use with LaTeX.

See the LaTeX manual or LaTeX Companion for explanation.
Type  H <return>  for immediate help.
 ...                                              
                                                  
l.5 ...–ã™ã‚‹ãƒ¯ãƒ¼ã‚¯ãƒ•ãƒ­ãƒ¼ãŒæ³¨ç›®ã•ã‚Œã¦
                                                  ã„ã‚‹ï¼å¾“æ¥ã®é…ç®¡BI...
You may provide a definition with
\DeclareUnicodeCharacter 


./abstract.tex:5: LaTeX Error: Unicode character ã„ (U+3044)
               not set up for use with LaTeX.

See the LaTeX manual or LaTeX Companion for explanation.
Type  H <return>  for immediate help.
 ...                                              
                                                  
l.5 ...™ã‚‹ãƒ¯ãƒ¼ã‚¯ãƒ•ãƒ­ãƒ¼ãŒæ³¨ç›®ã•ã‚Œã¦ã„
                                                  ã‚‹ï¼å¾“æ¥ã®é…ç®¡BIMã...
You may provide a definition with
\DeclareUnicodeCharacter 


./abstract.tex:5: LaTeX Error: Unicode character ã‚‹ (U+308B)
               not set up for use with LaTeX.

See the LaTeX manual or LaTeX Companion for explanation.
Type  H <return>  for immediate help.
 ...                                              
                                                  
l.5 ...‹ãƒ¯ãƒ¼ã‚¯ãƒ•ãƒ­ãƒ¼ãŒæ³¨ç›®ã•ã‚Œã¦ã„ã‚‹
                                                  ï¼å¾“æ¥ã®é…ç®¡BIMã¯é«...
You may provide a definition with
\DeclareUnicodeCharacter 


./abstract.tex:5: LaTeX Error: Unicode character ï¼ (U+FF0E)
               not set up for use with LaTeX.

See the LaTeX manual or LaTeX Companion for explanation.
Type  H <return>  for immediate help.
 ...                                              
                                                  
l.5 ...¯ãƒ¼ã‚¯ãƒ•ãƒ­ãƒ¼ãŒæ³¨ç›®ã•ã‚Œã¦ã„ã‚‹ï¼
                                                  å¾“æ¥ã®é…ç®¡BIMã¯é«˜ç²...
You may provide a definition with
\DeclareUnicodeCharacter 


./abstract.tex:5: LaTeX Error: Unicode character å¾“ (U+5F93)
               not set up for use with LaTeX.

See the LaTeX manual or LaTeX Companion for explanation.
Type  H <return>  for immediate help.
 ...                                              
                                                  
l.5 ...¼ã‚¯ãƒ•ãƒ­ãƒ¼ãŒæ³¨ç›®ã•ã‚Œã¦ã„ã‚‹ï¼å¾“
                                                  æ¥ã®é…ç®¡BIMã¯é«˜ç²¾åº...
You may provide a definition with
\DeclareUnicodeCharacter 


./abstract.tex:5: LaTeX Error: Unicode character æ¥ (U+6765)
               not set up for use with LaTeX.

See the LaTeX manual or LaTeX Companion for explanation.
Type  H <return>  for immediate help.
 ...                                              
                                                  
l.5 ...¯ãƒ•ãƒ­ãƒ¼ãŒæ³¨ç›®ã•ã‚Œã¦ã„ã‚‹ï¼å¾“æ¥
                                                  ã®é…ç®¡BIMã¯é«˜ç²¾åº¦ã...
You may provide a definition with
\DeclareUnicodeCharacter 


./abstract.tex:5: LaTeX Error: Unicode character ã® (U+306E)
               not set up for use with LaTeX.

See the LaTeX manual or LaTeX Companion for explanation.
Type  H <return>  for immediate help.
 ...                                              
                                                  
l.5 ...•ãƒ­ãƒ¼ãŒæ³¨ç›®ã•ã‚Œã¦ã„ã‚‹ï¼å¾“æ¥ã®
                                                  é…ç®¡BIMã¯é«˜ç²¾åº¦ãªLi...
You may provide a definition with
\DeclareUnicodeCharacter 


./abstract.tex:5: LaTeX Error: Unicode character é… (U+914D)
               not set up for use with LaTeX.

See the LaTeX manual or LaTeX Companion for explanation.
Type  H <return>  for immediate help.
 ...                                              
                                                  
l.5 ...­ãƒ¼ãŒæ³¨ç›®ã•ã‚Œã¦ã„ã‚‹ï¼å¾“æ¥ã®é…
                                                  ç®¡BIMã¯é«˜ç²¾åº¦ãªLidar...
You may provide a definition with
\DeclareUnicodeCharacter 


./abstract.tex:5: LaTeX Error: Unicode character ç®¡ (U+7BA1)
               not set up for use with LaTeX.

See the LaTeX manual or LaTeX Companion for explanation.
Type  H <return>  for immediate help.
 ...                                              
                                                  
l.5 ...¼ãŒæ³¨ç›®ã•ã‚Œã¦ã„ã‚‹ï¼å¾“æ¥ã®é…ç®¡
                                                  BIMã¯é«˜ç²¾åº¦ãªLidarã‚»...
You may provide a definition with
\DeclareUnicodeCharacter 


./abstract.tex:5: LaTeX Error: Unicode character ã¯ (U+306F)
               not set up for use with LaTeX.

See the LaTeX manual or LaTeX Companion for explanation.
Type  H <return>  for immediate help.
 ...                                              
                                                  
l.5 ...¨ç›®ã•ã‚Œã¦ã„ã‚‹ï¼å¾“æ¥ã®é…ç®¡BIMã¯
                                                  é«˜ç²¾åº¦ãªLidarã‚»ãƒ³ã‚µ...
You may provide a definition with
\DeclareUnicodeCharacter 


./abstract.tex:5: LaTeX Error: Unicode character é«˜ (U+9AD8)
               not set up for use with LaTeX.

See the LaTeX manual or LaTeX Companion for explanation.
Type  H <return>  for immediate help.
 ...                                              
                                                  
l.5 ...®ã•ã‚Œã¦ã„ã‚‹ï¼å¾“æ¥ã®é…ç®¡BIMã¯é«˜
                                                  ç²¾åº¦ãªLidarã‚»ãƒ³ã‚µã‚’...
You may provide a definition with
\DeclareUnicodeCharacter 


./abstract.tex:5: LaTeX Error: Unicode character ç²¾ (U+7CBE)
               not set up for use with LaTeX.

See the LaTeX manual or LaTeX Companion for explanation.
Type  H <return>  for immediate help.
 ...                                              
                                                  
l.5 ...•ã‚Œã¦ã„ã‚‹ï¼å¾“æ¥ã®é…ç®¡BIMã¯é«˜ç²¾
                                                  åº¦ãªLidarã‚»ãƒ³ã‚µã‚’ç”¨...
You may provide a definition with
\DeclareUnicodeCharacter 


./abstract.tex:5: LaTeX Error: Unicode character åº¦ (U+5EA6)
               not set up for use with LaTeX.

See the LaTeX manual or LaTeX Companion for explanation.
Type  H <return>  for immediate help.
 ...                                              
                                                  
l.5 ...Œã¦ã„ã‚‹ï¼å¾“æ¥ã®é…ç®¡BIMã¯é«˜ç²¾åº¦
                                                  ãªLidarã‚»ãƒ³ã‚µã‚’ç”¨ã„...
You may provide a definition with
\DeclareUnicodeCharacter 


./abstract.tex:5: LaTeX Error: Unicode character ãª (U+306A)
               not set up for use with LaTeX.

See the LaTeX manual or LaTeX Companion for explanation.
Type  H <return>  for immediate help.
 ...                                              
                                                  
l.5 ...¦ã„ã‚‹ï¼å¾“æ¥ã®é…ç®¡BIMã¯é«˜ç²¾åº¦ãª
                                                  Lidarã‚»ãƒ³ã‚µã‚’ç”¨ã„ã¦...
You may provide a definition with
\DeclareUnicodeCharacter 


./abstract.tex:5: LaTeX Error: Unicode character ã‚» (U+30BB)
               not set up for use with LaTeX.

See the LaTeX manual or LaTeX Companion for explanation.
Type  H <return>  for immediate help.
 ...                                              
                                                  
l.5 ...¼å¾“æ¥ã®é…ç®¡BIMã¯é«˜ç²¾åº¦ãªLidarã‚»
                                                  ãƒ³ã‚µã‚’ç”¨ã„ã¦é…ç®¡ãƒ...
You may provide a definition with
\DeclareUnicodeCharacter 


./abstract.tex:5: LaTeX Error: Unicode character ãƒ³ (U+30F3)
               not set up for use with LaTeX.

See the LaTeX manual or LaTeX Companion for explanation.
Type  H <return>  for immediate help.
 ...                                              
                                                  
l.5 ...¾“æ¥ã®é…ç®¡BIMã¯é«˜ç²¾åº¦ãªLidarã‚»ãƒ³
                                                  ã‚µã‚’ç”¨ã„ã¦é…ç®¡ãƒ¢ãƒ...
You may provide a definition with
\DeclareUnicodeCharacter 


./abstract.tex:5: LaTeX Error: Unicode character ã‚µ (U+30B5)
               not set up for use with LaTeX.

See the LaTeX manual or LaTeX Companion for explanation.
Type  H <return>  for immediate help.
 ...                                              
                                                  
l.5 ...¥ã®é…ç®¡BIMã¯é«˜ç²¾åº¦ãªLidarã‚»ãƒ³ã‚µ
                                                  ã‚’ç”¨ã„ã¦é…ç®¡ãƒ¢ãƒ‡ãƒ...
You may provide a definition with
\DeclareUnicodeCharacter 


./abstract.tex:5: LaTeX Error: Unicode character ã‚’ (U+3092)
               not set up for use with LaTeX.

See the LaTeX manual or LaTeX Companion for explanation.
Type  H <return>  for immediate help.
 ...                                              
                                                  
l.5 ...®é…ç®¡BIMã¯é«˜ç²¾åº¦ãªLidarã‚»ãƒ³ã‚µã‚’
                                                  ç”¨ã„ã¦é…ç®¡ãƒ¢ãƒ‡ãƒ«ã...
You may provide a definition with
\DeclareUnicodeCharacter 


./abstract.tex:5: LaTeX Error: Unicode character ç”¨ (U+7528)
               not set up for use with LaTeX.

See the LaTeX manual or LaTeX Companion for explanation.
Type  H <return>  for immediate help.
 ...                                              
                                                  
l.5 ...…ç®¡BIMã¯é«˜ç²¾åº¦ãªLidarã‚»ãƒ³ã‚µã‚’ç”¨
                                                  ã„ã¦é…ç®¡ãƒ¢ãƒ‡ãƒ«ã®æ...
You may provide a definition with
\DeclareUnicodeCharacter 


./abstract.tex:5: LaTeX Error: Unicode character ã„ (U+3044)
               not set up for use with LaTeX.

See the LaTeX manual or LaTeX Companion for explanation.
Type  H <return>  for immediate help.
 ...                                              
                                                  
l.5 ...®¡BIMã¯é«˜ç²¾åº¦ãªLidarã‚»ãƒ³ã‚µã‚’ç”¨ã„
                                                  ã¦é…ç®¡ãƒ¢ãƒ‡ãƒ«ã®æ¨å®...
You may provide a definition with
\DeclareUnicodeCharacter 


./abstract.tex:5: LaTeX Error: Unicode character ã¦ (U+3066)
               not set up for use with LaTeX.

See the LaTeX manual or LaTeX Companion for explanation.
Type  H <return>  for immediate help.
 ...                                              
                                                  
l.5 ...IMã¯é«˜ç²¾åº¦ãªLidarã‚»ãƒ³ã‚µã‚’ç”¨ã„ã¦
                                                  é…ç®¡ãƒ¢ãƒ‡ãƒ«ã®æ¨å®šã‚...
You may provide a definition with
\DeclareUnicodeCharacter 


./abstract.tex:5: LaTeX Error: Unicode character é… (U+914D)
               not set up for use with LaTeX.

See the LaTeX manual or LaTeX Companion for explanation.
Type  H <return>  for immediate help.
 ...                                              
                                                  
l.5 ...¯é«˜ç²¾åº¦ãªLidarã‚»ãƒ³ã‚µã‚’ç”¨ã„ã¦é…
                                                  ç®¡ãƒ¢ãƒ‡ãƒ«ã®æ¨å®šã‚’è¡...
You may provide a definition with
\DeclareUnicodeCharacter 


./abstract.tex:5: LaTeX Error: Unicode character ç®¡ (U+7BA1)
               not set up for use with LaTeX.

See the LaTeX manual or LaTeX Companion for explanation.
Type  H <return>  for immediate help.
 ...                                              
                                                  
l.5 ...«˜ç²¾åº¦ãªLidarã‚»ãƒ³ã‚µã‚’ç”¨ã„ã¦é…ç®¡
                                                  ãƒ¢ãƒ‡ãƒ«ã®æ¨å®šã‚’è¡Œã...
You may provide a definition with
\DeclareUnicodeCharacter 


./abstract.tex:5: LaTeX Error: Unicode character ãƒ¢ (U+30E2)
               not set up for use with LaTeX.

See the LaTeX manual or LaTeX Companion for explanation.
Type  H <return>  for immediate help.
 ...                                              
                                                  
l.5 ...²¾åº¦ãªLidarã‚»ãƒ³ã‚µã‚’ç”¨ã„ã¦é…ç®¡ãƒ¢
                                                  ãƒ‡ãƒ«ã®æ¨å®šã‚’è¡Œãªã‚...
You may provide a definition with
\DeclareUnicodeCharacter 


./abstract.tex:5: LaTeX Error: Unicode character ãƒ‡ (U+30C7)
               not set up for use with LaTeX.

See the LaTeX manual or LaTeX Companion for explanation.
Type  H <return>  for immediate help.
 ...                                              
                                                  
l.5 ...º¦ãªLidarã‚»ãƒ³ã‚µã‚’ç”¨ã„ã¦é…ç®¡ãƒ¢ãƒ‡
                                                  ãƒ«ã®æ¨å®šã‚’è¡Œãªã‚ã‚...
You may provide a definition with
\DeclareUnicodeCharacter 


./abstract.tex:5: LaTeX Error: Unicode character ãƒ« (U+30EB)
               not set up for use with LaTeX.

See the LaTeX manual or LaTeX Companion for explanation.
Type  H <return>  for immediate help.
 ...                                              
                                                  
l.5 ...ªLidarã‚»ãƒ³ã‚µã‚’ç”¨ã„ã¦é…ç®¡ãƒ¢ãƒ‡ãƒ«
                                                  ã®æ¨å®šã‚’è¡Œãªã‚ã‚Œã...
You may provide a definition with
\DeclareUnicodeCharacter 


./abstract.tex:5: LaTeX Error: Unicode character ã® (U+306E)
               not set up for use with LaTeX.

See the LaTeX manual or LaTeX Companion for explanation.
Type  H <return>  for immediate help.
 ...                                              
                                                  
l.5 ...idarã‚»ãƒ³ã‚µã‚’ç”¨ã„ã¦é…ç®¡ãƒ¢ãƒ‡ãƒ«ã®
                                                  æ¨å®šã‚’è¡Œãªã‚ã‚Œã¦ã...
You may provide a definition with
\DeclareUnicodeCharacter 


./abstract.tex:5: LaTeX Error: Unicode character æ¨ (U+63A8)
               not set up for use with LaTeX.

See the LaTeX manual or LaTeX Companion for explanation.
Type  H <return>  for immediate help.
 ...                                              
                                                  
l.5 ...rã‚»ãƒ³ã‚µã‚’ç”¨ã„ã¦é…ç®¡ãƒ¢ãƒ‡ãƒ«ã®æ¨
                                                  å®šã‚’è¡Œãªã‚ã‚Œã¦ã„ã...
You may provide a definition with
\DeclareUnicodeCharacter 


./abstract.tex:5: LaTeX Error: Unicode character å®š (U+5B9A)
               not set up for use with LaTeX.

See the LaTeX manual or LaTeX Companion for explanation.
Type  H <return>  for immediate help.
 ...                                              
                                                  
l.5 ...»ãƒ³ã‚µã‚’ç”¨ã„ã¦é…ç®¡ãƒ¢ãƒ‡ãƒ«ã®æ¨å®š
                                                  ã‚’è¡Œãªã‚ã‚Œã¦ã„ãŸã...
You may provide a definition with
\DeclareUnicodeCharacter 


./abstract.tex:5: LaTeX Error: Unicode character ã‚’ (U+3092)
               not set up for use with LaTeX.

See the LaTeX manual or LaTeX Companion for explanation.
Type  H <return>  for immediate help.
 ...                                              
                                                  
l.5 ...³ã‚µã‚’ç”¨ã„ã¦é…ç®¡ãƒ¢ãƒ‡ãƒ«ã®æ¨å®šã‚’
                                                  è¡Œãªã‚ã‚Œã¦ã„ãŸãŒï¼Œ
You may provide a definition with
\DeclareUnicodeCharacter 


./abstract.tex:5: LaTeX Error: Unicode character è¡Œ (U+884C)
               not set up for use with LaTeX.

See the LaTeX manual or LaTeX Companion for explanation.
Type  H <return>  for immediate help.
 ...                                              
                                                  
l.5 ...µã‚’ç”¨ã„ã¦é…ç®¡ãƒ¢ãƒ‡ãƒ«ã®æ¨å®šã‚’è¡Œ
                                                  ãªã‚ã‚Œã¦ã„ãŸãŒï¼Œ
You may provide a definition with
\DeclareUnicodeCharacter 


./abstract.tex:5: LaTeX Error: Unicode character ãª (U+306A)
               not set up for use with LaTeX.

See the LaTeX manual or LaTeX Companion for explanation.
Type  H <return>  for immediate help.
 ...                                              
                                                  
l.5 ...’ç”¨ã„ã¦é…ç®¡ãƒ¢ãƒ‡ãƒ«ã®æ¨å®šã‚’è¡Œãª
                                                  ã‚ã‚Œã¦ã„ãŸãŒï¼Œ
You may provide a definition with
\DeclareUnicodeCharacter 


./abstract.tex:5: LaTeX Error: Unicode character ã‚ (U+308F)
               not set up for use with LaTeX.

See the LaTeX manual or LaTeX Companion for explanation.
Type  H <return>  for immediate help.
 ...                                              
                                                  
l.5 ...¨ã„ã¦é…ç®¡ãƒ¢ãƒ‡ãƒ«ã®æ¨å®šã‚’è¡Œãªã‚
                                                  ã‚Œã¦ã„ãŸãŒï¼Œ
You may provide a definition with
\DeclareUnicodeCharacter 


./abstract.tex:5: LaTeX Error: Unicode character ã‚Œ (U+308C)
               not set up for use with LaTeX.

See the LaTeX manual or LaTeX Companion for explanation.
Type  H <return>  for immediate help.
 ...                                              
                                                  
l.5 ...„ã¦é…ç®¡ãƒ¢ãƒ‡ãƒ«ã®æ¨å®šã‚’è¡Œãªã‚ã‚Œ
                                                  ã¦ã„ãŸãŒï¼Œ
You may provide a definition with
\DeclareUnicodeCharacter 


./abstract.tex:5: LaTeX Error: Unicode character ã¦ (U+3066)
               not set up for use with LaTeX.

See the LaTeX manual or LaTeX Companion for explanation.
Type  H <return>  for immediate help.
 ...                                              
                                                  
l.5 ...¦é…ç®¡ãƒ¢ãƒ‡ãƒ«ã®æ¨å®šã‚’è¡Œãªã‚ã‚Œã¦
                                                  ã„ãŸãŒï¼Œ
You may provide a definition with
\DeclareUnicodeCharacter 


./abstract.tex:5: LaTeX Error: Unicode character ã„ (U+3044)
               not set up for use with LaTeX.

See the LaTeX manual or LaTeX Companion for explanation.
Type  H <return>  for immediate help.
 ...                                              
                                                  
l.5 ...ç®¡ãƒ¢ãƒ‡ãƒ«ã®æ¨å®šã‚’è¡Œãªã‚ã‚Œã¦ã„
                                                  ãŸãŒï¼Œ
You may provide a definition with
\DeclareUnicodeCharacter 


./abstract.tex:5: LaTeX Error: Unicode character ãŸ (U+305F)
               not set up for use with LaTeX.

See the LaTeX manual or LaTeX Companion for explanation.
Type  H <return>  for immediate help.
 ...                                              
                                                  
l.5 ...¡ãƒ¢ãƒ‡ãƒ«ã®æ¨å®šã‚’è¡Œãªã‚ã‚Œã¦ã„ãŸ
                                                  ãŒï¼Œ
You may provide a definition with
\DeclareUnicodeCharacter 


./abstract.tex:5: LaTeX Error: Unicode character ãŒ (U+304C)
               not set up for use with LaTeX.

See the LaTeX manual or LaTeX Companion for explanation.
Type  H <return>  for immediate help.
 ...                                              
                                                  
l.5 ...¢ãƒ‡ãƒ«ã®æ¨å®šã‚’è¡Œãªã‚ã‚Œã¦ã„ãŸãŒ
                                                  ï¼Œ
You may provide a definition with
\DeclareUnicodeCharacter 


./abstract.tex:5: LaTeX Error: Unicode character ï¼Œ (U+FF0C)
               not set up for use with LaTeX.

See the LaTeX manual or LaTeX Companion for explanation.
Type  H <return>  for immediate help.
 ...                                              
                                                  
l.5 ...‡ãƒ«ã®æ¨å®šã‚’è¡Œãªã‚ã‚Œã¦ã„ãŸãŒï¼Œ
                                                  
You may provide a definition with
\DeclareUnicodeCharacter 


./abstract.tex:6: LaTeX Error: Unicode character æŒ¯ (U+632F)
               not set up for use with LaTeX.

See the LaTeX manual or LaTeX Companion for explanation.
Type  H <return>  for immediate help.
 ...                                              
                                                  
l.6 æŒ¯
       å‹•ã«å¼±ãé«˜ä¾¡ã§ã‚ã‚‹ï¼ãã®ãŸã‚ï¼ŒLidarã‚»ãƒ³ã‚µã‚ˆã‚Šå®‰ä...
You may provide a definition with
\DeclareUnicodeCharacter 


./abstract.tex:6: LaTeX Error: Unicode character å‹• (U+52D5)
               not set up for use with LaTeX.

See the LaTeX manual or LaTeX Companion for explanation.
Type  H <return>  for immediate help.
 ...                                              
                                                  
l.6 æŒ¯å‹•
          ã«å¼±ãé«˜ä¾¡ã§ã‚ã‚‹ï¼ãã®ãŸã‚ï¼ŒLidarã‚»ãƒ³ã‚µã‚ˆã‚Šå®‰ä...
You may provide a definition with
\DeclareUnicodeCharacter 


./abstract.tex:6: LaTeX Error: Unicode character ã« (U+306B)
               not set up for use with LaTeX.

See the LaTeX manual or LaTeX Companion for explanation.
Type  H <return>  for immediate help.
 ...                                              
                                                  
l.6 æŒ¯å‹•ã«
             å¼±ãé«˜ä¾¡ã§ã‚ã‚‹ï¼ãã®ãŸã‚ï¼ŒLidarã‚»ãƒ³ã‚µã‚ˆã‚Šå®‰ä...
You may provide a definition with
\DeclareUnicodeCharacter 


./abstract.tex:6: LaTeX Error: Unicode character å¼± (U+5F31)
               not set up for use with LaTeX.

See the LaTeX manual or LaTeX Companion for explanation.
Type  H <return>  for immediate help.
 ...                                              
                                                  
l.6 æŒ¯å‹•ã«å¼±
                ãé«˜ä¾¡ã§ã‚ã‚‹ï¼ãã®ãŸã‚ï¼ŒLidarã‚»ãƒ³ã‚µã‚ˆã‚Šå®‰ä...
You may provide a definition with
\DeclareUnicodeCharacter 


./abstract.tex:6: LaTeX Error: Unicode character ã (U+304F)
               not set up for use with LaTeX.

See the LaTeX manual or LaTeX Companion for explanation.
Type  H <return>  for immediate help.
 ...                                              
                                                  
l.6 æŒ¯å‹•ã«å¼±ã
                   é«˜ä¾¡ã§ã‚ã‚‹ï¼ãã®ãŸã‚ï¼ŒLidarã‚»ãƒ³ã‚µã‚ˆã‚Šå®‰ä...
You may provide a definition with
\DeclareUnicodeCharacter 


./abstract.tex:6: LaTeX Error: Unicode character é«˜ (U+9AD8)
               not set up for use with LaTeX.

See the LaTeX manual or LaTeX Companion for explanation.
Type  H <return>  for immediate help.
 ...                                              
                                                  
l.6 æŒ¯å‹•ã«å¼±ãé«˜
                      ä¾¡ã§ã‚ã‚‹ï¼ãã®ãŸã‚ï¼ŒLidarã‚»ãƒ³ã‚µã‚ˆã‚Šå®‰ä...
You may provide a definition with
\DeclareUnicodeCharacter 


./abstract.tex:6: LaTeX Error: Unicode character ä¾¡ (U+4FA1)
               not set up for use with LaTeX.

See the LaTeX manual or LaTeX Companion for explanation.
Type  H <return>  for immediate help.
 ...                                              
                                                  
l.6 æŒ¯å‹•ã«å¼±ãé«˜ä¾¡
                         ã§ã‚ã‚‹ï¼ãã®ãŸã‚ï¼ŒLidarã‚»ãƒ³ã‚µã‚ˆã‚Šå®‰ä...
You may provide a definition with
\DeclareUnicodeCharacter 


./abstract.tex:6: LaTeX Error: Unicode character ã§ (U+3067)
               not set up for use with LaTeX.

See the LaTeX manual or LaTeX Companion for explanation.
Type  H <return>  for immediate help.
 ...                                              
                                                  
l.6 æŒ¯å‹•ã«å¼±ãé«˜ä¾¡ã§
                            ã‚ã‚‹ï¼ãã®ãŸã‚ï¼ŒLidarã‚»ãƒ³ã‚µã‚ˆã‚Šå®‰ä...
You may provide a definition with
\DeclareUnicodeCharacter 


./abstract.tex:6: LaTeX Error: Unicode character ã‚ (U+3042)
               not set up for use with LaTeX.

See the LaTeX manual or LaTeX Companion for explanation.
Type  H <return>  for immediate help.
 ...                                              
                                                  
l.6 æŒ¯å‹•ã«å¼±ãé«˜ä¾¡ã§ã‚
                               ã‚‹ï¼ãã®ãŸã‚ï¼ŒLidarã‚»ãƒ³ã‚µã‚ˆã‚Šå®‰ä...
You may provide a definition with
\DeclareUnicodeCharacter 


./abstract.tex:6: LaTeX Error: Unicode character ã‚‹ (U+308B)
               not set up for use with LaTeX.

See the LaTeX manual or LaTeX Companion for explanation.
Type  H <return>  for immediate help.
 ...                                              
                                                  
l.6 æŒ¯å‹•ã«å¼±ãé«˜ä¾¡ã§ã‚ã‚‹
                                  ï¼ãã®ãŸã‚ï¼ŒLidarã‚»ãƒ³ã‚µã‚ˆã‚Šå®‰ä...
You may provide a definition with
\DeclareUnicodeCharacter 


./abstract.tex:6: LaTeX Error: Unicode character ï¼ (U+FF0E)
               not set up for use with LaTeX.

See the LaTeX manual or LaTeX Companion for explanation.
Type  H <return>  for immediate help.
 ...                                              
                                                  
l.6 æŒ¯å‹•ã«å¼±ãé«˜ä¾¡ã§ã‚ã‚‹ï¼
                                     ãã®ãŸã‚ï¼ŒLidarã‚»ãƒ³ã‚µã‚ˆã‚Šå®‰ä...
You may provide a definition with
\DeclareUnicodeCharacter 


./abstract.tex:6: LaTeX Error: Unicode character ã (U+305D)
               not set up for use with LaTeX.

See the LaTeX manual or LaTeX Companion for explanation.
Type  H <return>  for immediate help.
 ...                                              
                                                  
l.6 æŒ¯å‹•ã«å¼±ãé«˜ä¾¡ã§ã‚ã‚‹ï¼ã
                                        ã®ãŸã‚ï¼ŒLidarã‚»ãƒ³ã‚µã‚ˆã‚Šå®‰ä...
(That makes 100 errors; please try again.) 
Here is how much of TeX's memory you used:
 316 strings out of 478287
 7016 string characters out of 5849290
 293676 words of memory out of 5000000
 18597 multiletter control sequences out of 15000+600000
 469259 words of font info for 28 fonts, out of 8000000 for 9000
 1141 hyphenation exceptions out of 8191
 25i,0n,34p,267b,38s stack positions out of 5000i,500n,10000p,200000b,80000s

./abstract.tex:6:  ==> Fatal error occurred, no output PDF file produced!
