This is e-pTeX, Version 3.14159265-p3.8.3-191112-2.6 (utf8.sjis) (TeX Live 2020/W32TeX) (preloaded format=platex 2021.4.16)  9 NOV 2021 17:26
entering extended mode
 restricted \write18 enabled.
 %&-line parsing enabled.
**title.tex
(./title.tex
pLaTeX2e <2020-10-01>+1 (based on LaTeX2e <2020-10-01> patch level 1)
L3 programming layer <2020-10-05> xparse <2020-03-03>)
*
! Emergency stop.
<*> ^^@itle.tex
               
End of file on the terminal!

 
Here is how much of TeX's memory you used:
 15 strings out of 480388
 294 string characters out of 5898320
 269308 words of memory out of 5000000
 16899 multiletter control sequences out of 15000+600000
 538959 words of font info for 46 fonts, out of 8000000 for 9000
 929 hyphenation exceptions out of 8191
 21i,0n,26p,44b,13s stack positions out of 5000i,500n,10000p,200000b,80000s
No pages of output.
