This is e-pTeX, Version 3.141592653-p3.9.1-210218-2.6 (utf8.euc) (TeX Live 2022/dev/Debian) (preloaded format=platex 2023.2.1)  6 FEB 2023 18:24
entering extended mode
 restricted \write18 enabled.
 file:line:error style messages enabled.
 %&-line parsing enabled.
**/home/mukuyo/ws/latex/grad_main/kzthesis.tex
(/home/mukuyo/ws/latex/grad_main/kzthesis.tex
pLaTeX2e <2021-11-15> (based on LaTeX2e <2021-11-15> patch level 1)
L3 programming layer <2022-01-21> (./kzthesis.cls
Document Class: kzthesis 2008/01/13 v113
(/usr/share/texlive/texmf-dist/tex/platex/base/jbook.cls
Document Class: jbook 2020/09/30 v1.8f Standard pLaTeX class
\c@@paper=\count184
(/usr/share/texlive/texmf-dist/tex/platex/base/jbk12.clo
File: jbk12.clo 2020/09/30 v1.8f Standard pLaTeX file (size option)
)
\c@part=\count185
\c@chapter=\count186
\c@section=\count187
\c@subsection=\count188
\c@subsubsection=\count189
\c@paragraph=\count190
\c@subparagraph=\count191
\c@figure=\count192
\c@table=\count193
\abovecaptionskip=\skip47
\belowcaptionskip=\skip48
\symmincho=\mathgroup4
LaTeX Font Info:    Overwriting symbol font `mincho' in version `bold'
(Font)                  JY1/mc/m/n --> JY1/gt/m/n on input line 708.
\toclineskip=\dimen154
\@lnumwidth=\dimen155
\bibindent=\dimen156
\heisei=\count194
) (/usr/share/texlive/texmf-dist/tex/latex/graphics/graphicx.sty
Package: graphicx 2021/09/16 v1.2d Enhanced LaTeX Graphics (DPC,SPQR)
(/usr/share/texlive/texmf-dist/tex/latex/graphics/keyval.sty
Package: keyval 2014/10/28 v1.15 key=value parser (DPC)
\KV@toks@=\toks17
) (/usr/share/texlive/texmf-dist/tex/latex/graphics/graphics.sty
Package: graphics 2021/03/04 v1.4d Standard LaTeX Graphics (DPC,SPQR)
(/usr/share/texlive/texmf-dist/tex/latex/graphics/trig.sty
Package: trig 2021/08/11 v1.11 sin cos tan (DPC)
) (/usr/share/texlive/texmf-dist/tex/latex/graphics-cfg/graphics.cfg
File: graphics.cfg 2016/06/04 v1.11 sample graphics configuration
)
Package graphics Info: Driver file: dvips.def on input line 107.
(/usr/share/texlive/texmf-dist/tex/latex/graphics-def/dvips.def
File: dvips.def 2017/06/20 v3.1d Graphics/color driver for dvips
))
\Gin@req@height=\dimen157
\Gin@req@width=\dimen158
) (/usr/share/texlive/texmf-dist/tex/latex/amsfonts/amssymb.sty
Package: amssymb 2013/01/14 v3.01 AMS font symbols
(/usr/share/texlive/texmf-dist/tex/latex/amsfonts/amsfonts.sty
Package: amsfonts 2013/01/14 v3.01 Basic AMSFonts support
\@emptytoks=\toks18
\symAMSa=\mathgroup5
\symAMSb=\mathgroup6
LaTeX Font Info:    Redeclaring math symbol \hbar on input line 98.
LaTeX Font Info:    Overwriting math alphabet `\mathfrak' in version `bold'
(Font)                  U/euf/m/n --> U/euf/b/n on input line 106.
)) (/usr/share/texlive/texmf-dist/tex/latex/amsmath/amsmath.sty
Package: amsmath 2021/10/15 v2.17l AMS math features
\@mathmargin=\skip49
For additional information on amsmath, use the `?' option.
(/usr/share/texlive/texmf-dist/tex/latex/amsmath/amstext.sty
Package: amstext 2021/08/26 v2.01 AMS text
(/usr/share/texlive/texmf-dist/tex/latex/amsmath/amsgen.sty
File: amsgen.sty 1999/11/30 v2.0 generic functions
\@emptytoks=\toks19
\ex@=\dimen159
)) (/usr/share/texlive/texmf-dist/tex/latex/amsmath/amsbsy.sty
Package: amsbsy 1999/11/29 v1.2d Bold Symbols
\pmbraise@=\dimen160
) (/usr/share/texlive/texmf-dist/tex/latex/amsmath/amsopn.sty
Package: amsopn 2021/08/26 v2.02 operator names
)
\inf@bad=\count195
LaTeX Info: Redefining \frac on input line 234.
\uproot@=\count196
\leftroot@=\count197
LaTeX Info: Redefining \overline on input line 399.
\classnum@=\count198
\DOTSCASE@=\count199
LaTeX Info: Redefining \ldots on input line 496.
LaTeX Info: Redefining \dots on input line 499.
LaTeX Info: Redefining \cdots on input line 620.
\Mathstrutbox@=\box67
\strutbox@=\box68
\big@size=\dimen161
LaTeX Font Info:    Redeclaring font encoding OML on input line 743.
LaTeX Font Info:    Redeclaring font encoding OMS on input line 744.
\macc@depth=\count266
\c@MaxMatrixCols=\count267
\dotsspace@=\muskip16
\c@parentequation=\count268
\dspbrk@lvl=\count269
\tag@help=\toks20
\row@=\count270
\column@=\count271
\maxfields@=\count272
\andhelp@=\toks21
\eqnshift@=\dimen162
\alignsep@=\dimen163
\tagshift@=\dimen164
\tagwidth@=\dimen165
\totwidth@=\dimen166
\lineht@=\dimen167
\@envbody=\toks22
\multlinegap=\skip50
\multlinetaggap=\skip51
\mathdisplay@stack=\toks23
LaTeX Info: Redefining \[ on input line 2938.
LaTeX Info: Redefining \] on input line 2939.
) (/usr/share/texlive/texmf-dist/tex/latex/tools/bm.sty
Package: bm 2021/04/25 v1.2e Bold Symbol Support (DPC/FMi)
\symboldoperators=\mathgroup7
\symboldletters=\mathgroup8
\symboldsymbols=\mathgroup9
Package bm Info: No bold for \OMX/cmex/m/n, using \pmb.
\symboldmincho=\mathgroup10
Package bm Info: No bold for \U/msa/m/n, using \pmb.
Package bm Info: No bold for \U/msb/m/n, using \pmb.
LaTeX Font Info:    Redeclaring math alphabet \mathbf on input line 149.
)) (/usr/share/texlive/texmf-dist/tex/latex/l3backend/l3backend-dvips.def
File: l3backend-dvips.def 2022-01-12 L3 backend support: dvips
\l__pdf_internal_box=\box69
\g__pdf_backend_object_int=\count273
\l__pdf_backend_content_box=\box70
\l__pdf_backend_model_box=\box71
\g__pdf_backend_annotation_int=\count274
\g__pdf_backend_link_int=\count275
\g__pdf_backend_link_sf_int=\count276
) (out/kzthesis.aux (out/title.aux) (out/abstract.aux) (out/acknowledgments.aux) (out/chapter_1.aux

LaTeX Warning: Label `fig:f2' multiply defined.


LaTeX Warning: Label `fig:f2' multiply defined.

) (out/chapter_2.aux

LaTeX Warning: Label `fig:f2' multiply defined.


LaTeX Warning: Label `fig:f2' multiply defined.


LaTeX Warning: Label `fig:f2' multiply defined.


LaTeX Warning: Label `fig:f2' multiply defined.


LaTeX Warning: Label `fig:f2' multiply defined.

) (out/chapter_3.aux

LaTeX Warning: Label `fig:f2' multiply defined.


LaTeX Warning: Label `fig:f2' multiply defined.


LaTeX Warning: Label `fig:f2' multiply defined.

) (out/chapter_4.aux

LaTeX Warning: Label `fig:f2' multiply defined.


LaTeX Warning: Label `fig:f2' multiply defined.


LaTeX Warning: Label `fig:f2' multiply defined.


LaTeX Warning: Label `fig:f2' multiply defined.


LaTeX Warning: Label `fig:f2' multiply defined.


LaTeX Warning: Label `fig:f2' multiply defined.


LaTeX Warning: Label `fig:f2' multiply defined.

) (out/chapter_5.aux) (out/bibliography.aux

LaTeX Warning: Label `bib:epaper' multiply defined.


LaTeX Warning: Label `bib:epaper' multiply defined.


LaTeX Warning: Label `bib:epaper' multiply defined.


LaTeX Warning: Label `bib:epaper' multiply defined.


LaTeX Warning: Label `bib:epaper' multiply defined.


LaTeX Warning: Label `bib:epaper' multiply defined.


LaTeX Warning: Label `bib:epaper' multiply defined.


LaTeX Warning: Label `bib:epaper' multiply defined.


LaTeX Warning: Label `bib:epaper' multiply defined.


LaTeX Warning: Label `bib:epaper' multiply defined.


LaTeX Warning: Label `bib:epaper' multiply defined.


LaTeX Warning: Label `bib:epaper' multiply defined.


LaTeX Warning: Label `bib:epaper' multiply defined.

) (out/appendix.aux))
\openout1 = `kzthesis.aux'.

LaTeX Font Info:    Checking defaults for OML/cmm/m/it on input line 18.
LaTeX Font Info:    ... okay on input line 18.
LaTeX Font Info:    Checking defaults for OMS/cmsy/m/n on input line 18.
LaTeX Font Info:    ... okay on input line 18.
LaTeX Font Info:    Checking defaults for OT1/cmr/m/n on input line 18.
LaTeX Font Info:    ... okay on input line 18.
LaTeX Font Info:    Checking defaults for T1/cmr/m/n on input line 18.
LaTeX Font Info:    ... okay on input line 18.
LaTeX Font Info:    Checking defaults for TS1/cmr/m/n on input line 18.
LaTeX Font Info:    ... okay on input line 18.
LaTeX Font Info:    Checking defaults for OMX/cmex/m/n on input line 18.
LaTeX Font Info:    ... okay on input line 18.
LaTeX Font Info:    Checking defaults for U/cmr/m/n on input line 18.
LaTeX Font Info:    ... okay on input line 18.
LaTeX Font Info:    Checking defaults for JY1/mc/m/n on input line 18.
LaTeX Font Info:    ... okay on input line 18.
LaTeX Font Info:    Checking defaults for JT1/mc/m/n on input line 18.
LaTeX Font Info:    ... okay on input line 18.
\openout2 = `title.aux'.

(./title.tex)
\openout2 = `abstract.aux'.

(./abstract.tex
LaTeX Font Info:    Font shape `JT1/mc/bx/n' in size <17.28> not available
(Font)              Font shape `JT1/gt/m/n' tried instead on input line 2.
LaTeX Font Info:    Font shape `JY1/mc/bx/n' in size <17.28> not available
(Font)              Font shape `JY1/gt/m/n' tried instead on input line 2.
) [1






]
\openout2 = `acknowledgments.aux'.

(./acknowledgments.tex) [2



]
LaTeX Font Info:    Font shape `JT1/mc/bx/n' in size <24.88> not available
(Font)              Font shape `JT1/gt/m/n' tried instead on input line 27.
LaTeX Font Info:    Font shape `JY1/mc/bx/n' in size <24.88> not available
(Font)              Font shape `JY1/gt/m/n' tried instead on input line 27.
(out/kzthesis.toc
LaTeX Font Info:    Font shape `JT1/mc/bx/n' in size <12> not available
(Font)              Font shape `JT1/gt/m/n' tried instead on input line 1.
LaTeX Font Info:    Font shape `JY1/mc/bx/n' in size <12> not available
(Font)              Font shape `JY1/gt/m/n' tried instead on input line 1.
LaTeX Font Info:    Trying to load font information for U+msa on input line 2.
(/usr/share/texlive/texmf-dist/tex/latex/amsfonts/umsa.fd
File: umsa.fd 2013/01/14 v3.01 AMS symbols A
)
LaTeX Font Info:    Trying to load font information for U+msb on input line 2.
(/usr/share/texlive/texmf-dist/tex/latex/amsfonts/umsb.fd
File: umsb.fd 2013/01/14 v3.01 AMS symbols B
))
\tf@toc=\write3
\openout3 = `kzthesis.toc'.

[3



] [4

] (out/kzthesis.lof)
\tf@lof=\write4
\openout4 = `kzthesis.lof'.

[5] [6

] (out/kzthesis.lot)
\tf@lot=\write5
\openout5 = `kzthesis.lot'.

[7] [8

]
\openout2 = `chapter_1.aux'.

(./chapter_1.tex
第\hspace {0.25zw} 1 \hspace {0.25zw}章
File: aisome.eps Graphic file (type eps)
<aisome.eps> [1


]
File: flow.eps Graphic file (type eps)
<flow.eps>
File: yolo.eps Graphic file (type eps)
<yolo.eps>
Underfull \vbox (badness 7362) has occurred while \output is active []

[2]
File: gen6d-network.eps Graphic file (type eps)
<gen6d-network.eps> [3] [4]) [5] [6]
\openout2 = `chapter_2.aux'.

(./chapter_2.tex
第\hspace {0.25zw} 2 \hspace {0.25zw}章
File: system.eps Graphic file (type eps)
<system.eps>
Overfull \hbox (23.4972pt too wide) in paragraph at lines 17--18
 [][] 
 []

[7




]
File: pipe.eps Graphic file (type eps)
<pipe.eps>
LaTeX Font Info:    Font shape `JT1/mc/bx/n' in size <14.4> not available
(Font)              Font shape `JT1/gt/m/n' tried instead on input line 45.
LaTeX Font Info:    Font shape `JY1/mc/bx/n' in size <14.4> not available
(Font)              Font shape `JY1/gt/m/n' tried instead on input line 45.
[8]
File: RXDnet.eps Graphic file (type eps)
<RXDnet.eps>
File: sig.eps Graphic file (type eps)
<sig.eps>
Overfull \hbox (21.40768pt too wide) in paragraph at lines 72--73
 [][] 
 []

File: RXD.eps Graphic file (type eps)
<RXD.eps>
Overfull \hbox (7.30046pt too wide) in paragraph at lines 85--86
 [][] 
 []

) [9] [10]
\openout2 = `chapter_3.aux'.

(./chapter_3.tex
第\hspace {0.25zw} 3 \hspace {0.25zw}章
File: pipe_rgbd.eps Graphic file (type eps)
<pipe_rgbd.eps>
File: realsense.eps Graphic file (type eps)
<realsense.eps> [11




]
Overfull \hbox (0.48274pt too wide) in paragraph at lines 46--49
[]\OT1/cmr/m/n/12 6D \JY1/mc/m/n/12 姿勢推定のデ ータセ ッ トには \OT1/cmr/m/n/12 Colmap \JY1/mc/m/n/12 を使用して点群デ ータを取得する 。 \OT1/cmr/m/n/12 Colmap
 []

[12]
File: bent.eps Graphic file (type eps)
<bent.eps>) [13]
\openout2 = `chapter_4.aux'.

(./chapter_4.tex [14




]
第\hspace {0.25zw} 4 \hspace {0.25zw}章
File: iou.eps Graphic file (type eps)
<iou.eps>
File: recall.eps Graphic file (type eps)
<recall.eps>
LaTeX Font Info:    Kanji font shape `JY1/mc/m/it' undefined
(Font)              No change on input line 46.
LaTeX Font Info:    Kanji font shape `JY1/mc/m/it' undefined
(Font)              No change on input line 46.
LaTeX Font Info:    Kanji font shape `JY1/mc/m/it' undefined
(Font)              No change on input line 46.
LaTeX Font Info:    Kanji font shape `JY1/mc/m/it' undefined
(Font)              No change on input line 46.
LaTeX Font Info:    Kanji font shape `JY1/mc/m/it' undefined
(Font)              No change on input line 46.
LaTeX Font Info:    Kanji font shape `JY1/mc/m/it' undefined
(Font)              No change on input line 46.
LaTeX Font Info:    Kanji font shape `JY1/mc/m/it' undefined
(Font)              No change on input line 46.
LaTeX Font Info:    Kanji font shape `JY1/mc/m/it' undefined
(Font)              No change on input line 46.
LaTeX Font Info:    Kanji font shape `JY1/mc/m/it' undefined
(Font)              No change on input line 46.
LaTeX Font Info:    Kanji font shape `JY1/mc/m/it' undefined
(Font)              No change on input line 46.
LaTeX Font Info:    Kanji font shape `JY1/mc/m/it' undefined
(Font)              No change on input line 46.
LaTeX Font Info:    Kanji font shape `JY1/mc/m/it' undefined
(Font)              No change on input line 46.
LaTeX Font Info:    Kanji font shape `JY1/mc/m/it' undefined
(Font)              No change on input line 46.
LaTeX Font Info:    Kanji font shape `JY1/mc/m/it' undefined
(Font)              No change on input line 46.
LaTeX Font Info:    Kanji font shape `JY1/mc/m/it' undefined
(Font)              No change on input line 46.
LaTeX Font Info:    Kanji font shape `JY1/mc/m/it' undefined
(Font)              No change on input line 46.
LaTeX Font Info:    Kanji font shape `JY1/mc/m/it' undefined
(Font)              No change on input line 46.
[15]
File: detect.eps Graphic file (type eps)
<detect.eps>
Overfull \hbox (31.56192pt too wide) in paragraph at lines 51--52
 [][] 
 []

File: ap.eps Graphic file (type eps)
<ap.eps>
File: ap50.eps Graphic file (type eps)
<ap50.eps> [16]
LaTeX Font Info:    Kanji font shape `JY1/mc/m/it' undefined
(Font)              No change on input line 85.
LaTeX Font Info:    Kanji font shape `JY1/mc/m/it' undefined
(Font)              No change on input line 85.
LaTeX Font Info:    Kanji font shape `JY1/mc/m/it' undefined
(Font)              No change on input line 85.
LaTeX Font Info:    Kanji font shape `JY1/mc/m/it' undefined
(Font)              No change on input line 85.
LaTeX Font Info:    Kanji font shape `JY1/mc/m/it' undefined
(Font)              No change on input line 85.
LaTeX Font Info:    Kanji font shape `JY1/mc/m/it' undefined
(Font)              No change on input line 85.
LaTeX Font Info:    Kanji font shape `JY1/mc/m/it' undefined
(Font)              No change on input line 85.
LaTeX Font Info:    Kanji font shape `JY1/mc/m/it' undefined
(Font)              No change on input line 85.
[17]
File: 6d.eps Graphic file (type eps)
<6d.eps>
File: rviz.eps Graphic file (type eps)
<rviz.eps>) [18] [19]
\openout2 = `chapter_5.aux'.

(./chapter_5.tex [20




]
第\hspace {0.25zw} 5 \hspace {0.25zw}章
) [21]
\openout2 = `bibliography.aux'.

(./bibliography.tex [22




]
LaTeX Font Info:    Kanji font shape `JY1/mc/m/it' undefined
(Font)              No change on input line 15.
LaTeX Font Info:    Kanji font shape `JY1/mc/m/it' undefined
(Font)              No change on input line 21.
LaTeX Font Info:    Kanji font shape `JY1/mc/m/it' undefined
(Font)              No change on input line 27.
LaTeX Font Info:    Kanji font shape `JY1/mc/m/it' undefined
(Font)              No change on input line 33.
LaTeX Font Info:    Kanji font shape `JY1/mc/m/it' undefined
(Font)              No change on input line 39.
LaTeX Font Info:    Kanji font shape `JY1/mc/m/it' undefined
(Font)              No change on input line 45.
LaTeX Font Info:    Kanji font shape `JY1/mc/m/it' undefined
(Font)              No change on input line 52.
LaTeX Font Info:    Kanji font shape `JY1/mc/m/it' undefined
(Font)              No change on input line 59.
LaTeX Font Info:    Kanji font shape `JY1/mc/m/it' undefined
(Font)              No change on input line 65.
LaTeX Font Info:    Kanji font shape `JY1/mc/m/it' undefined
(Font)              No change on input line 71.
[23]
LaTeX Font Info:    Kanji font shape `JY1/mc/m/it' undefined
(Font)              No change on input line 77.
LaTeX Font Info:    Kanji font shape `JY1/mc/m/it' undefined
(Font)              No change on input line 83.
LaTeX Font Info:    Kanji font shape `JY1/mc/m/it' undefined
(Font)              No change on input line 89.
LaTeX Font Info:    Kanji font shape `JY1/mc/m/it' undefined
(Font)              No change on input line 95.
) [24]
\openout2 = `appendix.aux'.

(./appendix.tex
付録 A  

LaTeX Warning: Citation `bib:03' on page 25 undefined on input line 10.

) [25




] (out/kzthesis.aux (out/title.aux) (out/abstract.aux) (out/acknowledgments.aux) (out/chapter_1.aux) (out/chapter_2.aux) (out/chapter_3.aux) (out/chapter_4.aux) (out/chapter_5.aux) (out/bibliography.aux) (out/appendix.aux))

LaTeX Warning: There were undefined references.


LaTeX Warning: There were multiply-defined labels.

 ) 
Here is how much of TeX's memory you used:
 2738 strings out of 478741
 42984 string characters out of 5860983
 340839 words of memory out of 5000000
 21058 multiletter control sequences out of 15000+600000
 487110 words of font info for 97 fonts, out of 8000000 for 9000
 929 hyphenation exceptions out of 8191
 70i,10n,76p,657b,391s stack positions out of 5000i,500n,10000p,200000b,80000s

Output written on out/kzthesis.dvi (33 pages, 75052 bytes).
